=========================================================================
Log Path: ./log/contDataSumViz.log
Program Path: C:/dev/projects/R/epaGitHub/dmap-ContDataQCSumViz/server.R
Working Directory: C:/dev/projects/R/epaGitHub/dmap-ContDataQCSumViz
User Name: gandhin
R Version: 4.2.2 (2022-10-31 ucrt)
Machine: H7C1N33 x86-64
Operating System: Windows 10 x64 build 19042
Base Packages: stats graphics grDevices utils datasets methods base Other
Packages: logr_1.3.3 rsconnect_0.8.29 highcharter_0.9.4 XLConnect_1.0.6
IHA_0.2-41 StreamThermal_1.1 ContDataSumViz_0.1.0.9017 ContDataQC_2.0.7.9006
reshape2_1.4.4 zip_2.2.2 shinyFiles_0.9.3 survival_3.4-0 highr_0.10
rmarkdown_2.19 htmltools_0.5.4 knitr_1.41 doBy_4.6.15 dataRetrieval_2.7.12
conflicted_1.1.0 shinyBS_0.61.1 tibbletime_0.1.7 forcats_0.5.2 stringr_1.5.0
dplyr_1.0.10 purrr_0.3.5 readr_2.1.3 tidyr_1.2.1 tibble_3.1.8 tidyverse_1.3.2
data.table_1.14.6 writexl_1.4.1 readxl_1.4.1 shinycssloaders_1.0.0 xts_0.12.2
zoo_1.8-11 plotly_4.10.1 DT_0.26 ggthemes_4.2.4 ggplot2_3.4.0
shinydashboard_0.7.2 shinythemes_1.2.0 shinyalert_3.0.0 shinyjs_2.1.0
shiny_1.7.4
Log Start Time: 2023-01-18 16:21:27
=========================================================================

I do log

NOTE: Log Print Time:  2023-01-18 16:21:27
NOTE: Elapsed Time: 0.00355195999145508 secs

=========================================================================
Log End Time: 2023-01-18 16:21:32
Log Elapsed Time: 0 00:00:05
=========================================================================
